<?xml version="1.0" encoding="UTF-8"?>
<!-- Generated by org.testng.reporters.JUnitXMLReporter -->
<testsuite ignored="0" hostname="User" failures="0" tests="5" name="Regression" time="57.577" errors="0" timestamp="2022-05-04T19:45:09 EDT">
  <testcase classname="testNGbasics.ParametrizationAndIncludeExcludeXml" name="negativeLoginFunctionalityTestByClickSubmitBtn" time="5.09"/>
  <testcase classname="testNGbasics.ParametrizationAndIncludeExcludeXml" name="negativeLoginFunctionalityTestByClickSubmitBtn" time="1.983"/>
  <testcase classname="testNGbasics.ParametrizationAndIncludeExcludeXml" name="positiveLoginFunctionalityTestByClickingSubmitBtn" time="3.328"/>
  <testcase classname="testNGbasics.ParametrizationAndIncludeExcludeXml" name="positiveLoginFunctionalityTestByClickingSubmitBtn" time="2.845"/>
  <testcase classname="testNGbasics.ParametrizationAndIncludeExcludeXml" name="positiveLoginFunctionalityTestByClickingSubmitBtn" time="3.545"/>
</testsuite> <!-- Regression -->
