<?xml version="1.0" encoding="UTF-8"?>
<!-- Generated by org.testng.reporters.JUnitXMLReporter -->
<testsuite ignored="3" hostname="User" failures="0" tests="3" name="All Smoke Testing" time="38.345" errors="0" timestamp="2022-04-27T22:04:26 EDT">
  <testcase classname="testNGbasics.DataDrivenTesting" name="positiveLoginFunctionalityTestByClickingSubmitBtn" time="5.844"/>
  <testcase classname="testNGbasics.DataDrivenTesting" name="positiveLoginFunctionalityTestByClickingSubmitBtn" time="3.347"/>
  <testcase classname="testNGbasics.DataDrivenTesting" name="positiveLoginFunctionalityTestByClickingSubmitBtn" time="2.287"/>
  <testcase classname="testNGbasics.DataDrivenFromSeparateTestDataClass" name="negativeLoginFunctionalityTestByClickSubmitBtn" time="0.0">
    <ignored/>
  </testcase> <!-- negativeLoginFunctionalityTestByClickSubmitBtn -->
  <testcase classname="testNGbasics.DataDrivenTesting" name="negativeLoginFunctionalityTestByClickSubmitBtn" time="0.0">
    <ignored/>
  </testcase> <!-- negativeLoginFunctionalityTestByClickSubmitBtn -->
  <testcase classname="testNGbasics.DataDrivenFromSeparateTestDataClass" name="positiveLoginFunctionalityTestByClickingSubmitBtn" time="0.0">
    <ignored/>
  </testcase> <!-- positiveLoginFunctionalityTestByClickingSubmitBtn -->
</testsuite> <!-- All Smoke Testing -->
