<?xml version="1.0" encoding="UTF-8"?>
<testng-results ignored="0" total="5" passed="5" failed="0" skipped="0">
  <reporter-output>
  </reporter-output>
  <suite started-at="2022-05-04T19:44:11 EDT" name="Parameterized Suite" finished-at="2022-05-04T19:45:09 EDT" duration-ms="57577">
    <groups>
      <group name="Sanity Test">
        <method signature="ParametrizationAndIncludeExcludeXml.negativeLoginFunctionalityTestByClickSubmitBtn(java.lang.String,java.lang.String)[pri:0, instance:testNGbasics.ParametrizationAndIncludeExcludeXml@4cc8eb05]" name="negativeLoginFunctionalityTestByClickSubmitBtn" class="testNGbasics.ParametrizationAndIncludeExcludeXml"/>
      </group> <!-- Sanity Test -->
      <group name="Regression Test">
        <method signature="ParametrizationAndIncludeExcludeXml.negativeLoginFunctionalityTestByClickSubmitBtn(java.lang.String,java.lang.String)[pri:0, instance:testNGbasics.ParametrizationAndIncludeExcludeXml@4cc8eb05]" name="negativeLoginFunctionalityTestByClickSubmitBtn" class="testNGbasics.ParametrizationAndIncludeExcludeXml"/>
        <method signature="ParametrizationAndIncludeExcludeXml.positiveLoginFunctionalityTestByClickingSubmitBtn(java.lang.String,java.lang.String)[pri:0, instance:testNGbasics.ParametrizationAndIncludeExcludeXml@4cc8eb05]" name="positiveLoginFunctionalityTestByClickingSubmitBtn" class="testNGbasics.ParametrizationAndIncludeExcludeXml"/>
      </group> <!-- Regression Test -->
      <group name="Integration Test">
        <method signature="ParametrizationAndIncludeExcludeXml.positiveLoginFunctionalityTestByClickingSubmitBtn(java.lang.String,java.lang.String)[pri:0, instance:testNGbasics.ParametrizationAndIncludeExcludeXml@4cc8eb05]" name="positiveLoginFunctionalityTestByClickingSubmitBtn" class="testNGbasics.ParametrizationAndIncludeExcludeXml"/>
      </group> <!-- Integration Test -->
    </groups>
    <test started-at="2022-05-04T19:44:11 EDT" name="Regression" finished-at="2022-05-04T19:45:09 EDT" duration-ms="57577">
      <class name="testNGbasics.ParametrizationAndIncludeExcludeXml">
        <test-method is-config="true" signature="initialization(java.lang.String,java.lang.String,java.lang.String)[pri:0, instance:testNGbasics.ParametrizationAndIncludeExcludeXml@4cc8eb05]" started-at="2022-05-04T19:44:11 EDT" name="initialization" finished-at="2022-05-04T19:44:20 EDT" duration-ms="9315" status="PASS">
          <params>
            <param index="0">
              <value>
                <![CDATA[webdriver.chrome.driver]]>
              </value>
            </param>
            <param index="1">
              <value>
                <![CDATA[E:\\Drivers\\chromedriver.exe]]>
              </value>
            </param>
            <param index="2">
              <value>
                <![CDATA[https://demo.guru99.com/test/newtours/index.php]]>
              </value>
            </param>
          </params>
          <reporter-output>
          </reporter-output>
        </test-method> <!-- initialization -->
        <test-method signature="negativeLoginFunctionalityTestByClickSubmitBtn(java.lang.String,java.lang.String)[pri:0, instance:testNGbasics.ParametrizationAndIncludeExcludeXml@4cc8eb05]" started-at="2022-05-04T19:44:20 EDT" name="negativeLoginFunctionalityTestByClickSubmitBtn" data-provider="Negative Login Data" finished-at="2022-05-04T19:44:26 EDT" duration-ms="5090" status="PASS">
          <params>
            <param index="0">
              <value>
                <![CDATA[thomas1234]]>
              </value>
            </param>
            <param index="1">
              <value>
                <![CDATA[12345]]>
              </value>
            </param>
          </params>
          <reporter-output>
          </reporter-output>
        </test-method> <!-- negativeLoginFunctionalityTestByClickSubmitBtn -->
        <test-method is-config="true" signature="closeBrowser()[pri:0, instance:testNGbasics.ParametrizationAndIncludeExcludeXml@4cc8eb05]" started-at="2022-05-04T19:44:26 EDT" name="closeBrowser" finished-at="2022-05-04T19:44:26 EDT" duration-ms="324" status="PASS">
          <reporter-output>
          </reporter-output>
        </test-method> <!-- closeBrowser -->
        <test-method is-config="true" signature="initialization(java.lang.String,java.lang.String,java.lang.String)[pri:0, instance:testNGbasics.ParametrizationAndIncludeExcludeXml@4cc8eb05]" started-at="2022-05-04T19:44:26 EDT" name="initialization" finished-at="2022-05-04T19:44:37 EDT" duration-ms="11200" status="PASS">
          <params>
            <param index="0">
              <value>
                <![CDATA[webdriver.chrome.driver]]>
              </value>
            </param>
            <param index="1">
              <value>
                <![CDATA[E:\\Drivers\\chromedriver.exe]]>
              </value>
            </param>
            <param index="2">
              <value>
                <![CDATA[https://demo.guru99.com/test/newtours/index.php]]>
              </value>
            </param>
          </params>
          <reporter-output>
          </reporter-output>
        </test-method> <!-- initialization -->
        <test-method signature="negativeLoginFunctionalityTestByClickSubmitBtn(java.lang.String,java.lang.String)[pri:0, instance:testNGbasics.ParametrizationAndIncludeExcludeXml@4cc8eb05]" started-at="2022-05-04T19:44:37 EDT" name="negativeLoginFunctionalityTestByClickSubmitBtn" data-provider="Negative Login Data" finished-at="2022-05-04T19:44:39 EDT" duration-ms="1983" status="PASS">
          <params>
            <param index="0">
              <value>
                <![CDATA[david1234]]>
              </value>
            </param>
            <param index="1">
              <value>
                <![CDATA[12345]]>
              </value>
            </param>
          </params>
          <reporter-output>
          </reporter-output>
        </test-method> <!-- negativeLoginFunctionalityTestByClickSubmitBtn -->
        <test-method is-config="true" signature="closeBrowser()[pri:0, instance:testNGbasics.ParametrizationAndIncludeExcludeXml@4cc8eb05]" started-at="2022-05-04T19:44:39 EDT" name="closeBrowser" finished-at="2022-05-04T19:44:39 EDT" duration-ms="432" status="PASS">
          <reporter-output>
          </reporter-output>
        </test-method> <!-- closeBrowser -->
        <test-method is-config="true" signature="initialization(java.lang.String,java.lang.String,java.lang.String)[pri:0, instance:testNGbasics.ParametrizationAndIncludeExcludeXml@4cc8eb05]" started-at="2022-05-04T19:44:39 EDT" name="initialization" finished-at="2022-05-04T19:44:45 EDT" duration-ms="5373" status="PASS">
          <params>
            <param index="0">
              <value>
                <![CDATA[webdriver.chrome.driver]]>
              </value>
            </param>
            <param index="1">
              <value>
                <![CDATA[E:\\Drivers\\chromedriver.exe]]>
              </value>
            </param>
            <param index="2">
              <value>
                <![CDATA[https://demo.guru99.com/test/newtours/index.php]]>
              </value>
            </param>
          </params>
          <reporter-output>
          </reporter-output>
        </test-method> <!-- initialization -->
        <test-method signature="positiveLoginFunctionalityTestByClickingSubmitBtn(java.lang.String,java.lang.String)[pri:0, instance:testNGbasics.ParametrizationAndIncludeExcludeXml@4cc8eb05]" started-at="2022-05-04T19:44:45 EDT" name="positiveLoginFunctionalityTestByClickingSubmitBtn" data-provider="positiveLoginData" finished-at="2022-05-04T19:44:48 EDT" duration-ms="3328" status="PASS">
          <params>
            <param index="0">
              <value>
                <![CDATA[test123]]>
              </value>
            </param>
            <param index="1">
              <value>
                <![CDATA[123]]>
              </value>
            </param>
          </params>
          <reporter-output>
          </reporter-output>
        </test-method> <!-- positiveLoginFunctionalityTestByClickingSubmitBtn -->
        <test-method is-config="true" signature="closeBrowser()[pri:0, instance:testNGbasics.ParametrizationAndIncludeExcludeXml@4cc8eb05]" started-at="2022-05-04T19:44:48 EDT" name="closeBrowser" finished-at="2022-05-04T19:44:49 EDT" duration-ms="348" status="PASS">
          <reporter-output>
          </reporter-output>
        </test-method> <!-- closeBrowser -->
        <test-method is-config="true" signature="initialization(java.lang.String,java.lang.String,java.lang.String)[pri:0, instance:testNGbasics.ParametrizationAndIncludeExcludeXml@4cc8eb05]" started-at="2022-05-04T19:44:49 EDT" name="initialization" finished-at="2022-05-04T19:44:55 EDT" duration-ms="6733" status="PASS">
          <params>
            <param index="0">
              <value>
                <![CDATA[webdriver.chrome.driver]]>
              </value>
            </param>
            <param index="1">
              <value>
                <![CDATA[E:\\Drivers\\chromedriver.exe]]>
              </value>
            </param>
            <param index="2">
              <value>
                <![CDATA[https://demo.guru99.com/test/newtours/index.php]]>
              </value>
            </param>
          </params>
          <reporter-output>
          </reporter-output>
        </test-method> <!-- initialization -->
        <test-method signature="positiveLoginFunctionalityTestByClickingSubmitBtn(java.lang.String,java.lang.String)[pri:0, instance:testNGbasics.ParametrizationAndIncludeExcludeXml@4cc8eb05]" started-at="2022-05-04T19:44:55 EDT" name="positiveLoginFunctionalityTestByClickingSubmitBtn" data-provider="positiveLoginData" finished-at="2022-05-04T19:44:58 EDT" duration-ms="2845" status="PASS">
          <params>
            <param index="0">
              <value>
                <![CDATA[test]]>
              </value>
            </param>
            <param index="1">
              <value>
                <![CDATA[123]]>
              </value>
            </param>
          </params>
          <reporter-output>
          </reporter-output>
        </test-method> <!-- positiveLoginFunctionalityTestByClickingSubmitBtn -->
        <test-method is-config="true" signature="closeBrowser()[pri:0, instance:testNGbasics.ParametrizationAndIncludeExcludeXml@4cc8eb05]" started-at="2022-05-04T19:44:58 EDT" name="closeBrowser" finished-at="2022-05-04T19:44:58 EDT" duration-ms="374" status="PASS">
          <reporter-output>
          </reporter-output>
        </test-method> <!-- closeBrowser -->
        <test-method is-config="true" signature="initialization(java.lang.String,java.lang.String,java.lang.String)[pri:0, instance:testNGbasics.ParametrizationAndIncludeExcludeXml@4cc8eb05]" started-at="2022-05-04T19:44:58 EDT" name="initialization" finished-at="2022-05-04T19:45:04 EDT" duration-ms="5917" status="PASS">
          <params>
            <param index="0">
              <value>
                <![CDATA[webdriver.chrome.driver]]>
              </value>
            </param>
            <param index="1">
              <value>
                <![CDATA[E:\\Drivers\\chromedriver.exe]]>
              </value>
            </param>
            <param index="2">
              <value>
                <![CDATA[https://demo.guru99.com/test/newtours/index.php]]>
              </value>
            </param>
          </params>
          <reporter-output>
          </reporter-output>
        </test-method> <!-- initialization -->
        <test-method signature="positiveLoginFunctionalityTestByClickingSubmitBtn(java.lang.String,java.lang.String)[pri:0, instance:testNGbasics.ParametrizationAndIncludeExcludeXml@4cc8eb05]" started-at="2022-05-04T19:45:04 EDT" name="positiveLoginFunctionalityTestByClickingSubmitBtn" data-provider="positiveLoginData" finished-at="2022-05-04T19:45:08 EDT" duration-ms="3545" status="PASS">
          <params>
            <param index="0">
              <value>
                <![CDATA[test12]]>
              </value>
            </param>
            <param index="1">
              <value>
                <![CDATA[123]]>
              </value>
            </param>
          </params>
          <reporter-output>
          </reporter-output>
        </test-method> <!-- positiveLoginFunctionalityTestByClickingSubmitBtn -->
        <test-method is-config="true" signature="closeBrowser()[pri:0, instance:testNGbasics.ParametrizationAndIncludeExcludeXml@4cc8eb05]" started-at="2022-05-04T19:45:08 EDT" name="closeBrowser" finished-at="2022-05-04T19:45:09 EDT" duration-ms="628" status="PASS">
          <reporter-output>
          </reporter-output>
        </test-method> <!-- closeBrowser -->
      </class> <!-- testNGbasics.ParametrizationAndIncludeExcludeXml -->
    </test> <!-- Regression -->
  </suite> <!-- Parameterized Suite -->
</testng-results>
